[10/Sep/2018:15:30:57 +0200] drupal-7-59.dd "GET /phpmyadmin/index.php HTTP/1.1" 200 9951
[10/Sep/2018:15:30:58 +0200] drupal-7-59.dd "GET /phpmyadmin/themes/pmahomme/jquery/jquery-ui-1.11.2.css HTTP/1.1" 200 35212
[10/Sep/2018:15:30:58 +0200] drupal-7-59.dd "GET /phpmyadmin/themes/pmahomme/img/logo_left.png HTTP/1.1" 200 2327
[10/Sep/2018:15:30:58 +0200] drupal-7-59.dd "GET /phpmyadmin/themes/dot.gif HTTP/1.1" 200 43
[10/Sep/2018:15:30:58 +0200] drupal-7-59.dd "GET /phpmyadmin/themes/pmahomme/img/ajax_clock_small.gif HTTP/1.1" 200 1810
[10/Sep/2018:15:30:58 +0200] drupal-7-59.dd "GET /phpmyadmin/themes/pmahomme/img/s_collapseall.png HTTP/1.1" 200 170
[10/Sep/2018:15:30:58 +0200] drupal-7-59.dd "GET /phpmyadmin/phpmyadmin.css.php?nocache=6137880798ltr HTTP/1.1" 200 21380
[10/Sep/2018:15:30:58 +0200] drupal-7-59.dd "GET /phpmyadmin/js/get_scripts.js.php?scripts%5B%5D=jquery/jquery-1.11.1.min.js&scripts%5B%5D=sprintf.js&scripts%5B%5D=ajax.js&scripts%5B%5D=keyhandler.js&scripts%5B%5D=jquery/jquery-ui-1.11.2.min.js&scripts%5B%5D=jquery/jquery.cookie.js&scripts%5B%5D=jquery/jquery.mousewheel.js&scripts%5B%5D=jquery/jquery.event.drag-2.2.js&scripts%5B%5D=jquery/jquery-ui-timepicker-addon.js&scripts%5B%5D=jquery/jquery.ba-hashchange-1.3.js&scripts%5B%5D=jquery/jquery.debounce-1.0.5.js&scripts%5B%5D=menu-resizer.js&scripts%5B%5D=cross_framing_protection.js&scripts%5B%5D=rte.js&scripts%5B%5D=tracekit/tracekit.js&scripts%5B%5D=error_report.js&scripts%5B%5D=doclinks.js&scripts%5B%5D=functions.js&scripts%5B%5D=navigation.js&scripts%5B%5D=indexes.js&scripts%5B%5D=common.js&scripts%5B%5D=codemirror/lib/codemirror.js&scripts%5B%5D=codemirror/mode/sql/sql.js&scripts%5B%5D=codemirror/addon/runmode/runmode.js&scripts%5B%5D=codemirror/addon/hint/show-hint.js&scripts%5B%5D=codemirror/addon/hint/sql-hint.js&scripts%5B%5D=console.js&scripts%5B%5D=config.js HTTP/1.1" 200 337379
[10/Sep/2018:15:30:58 +0200] drupal-7-59.dd "GET /phpmyadmin/js/whitelist.php?lang=da&db=&collation_connection=utf8mb4_unicode_ci&token=0c7a403ba48f261d33299992dadcd2c1 HTTP/1.1" 200 498
[10/Sep/2018:15:30:58 +0200] drupal-7-59.dd "GET /phpmyadmin/js/get_image.js.php?theme=pmahomme HTTP/1.1" 200 1812
[10/Sep/2018:15:30:58 +0200] drupal-7-59.dd "GET /phpmyadmin/js/messages.php?lang=da&db=&collation_connection=utf8mb4_unicode_ci&token=0c7a403ba48f261d33299992dadcd2c1 HTTP/1.1" 200 8196
[10/Sep/2018:15:30:59 +0200] drupal-7-59.dd "GET /phpmyadmin/themes/pmahomme/img/sprites.png HTTP/1.1" 200 45779
[10/Sep/2018:15:30:59 +0200] drupal-7-59.dd "GET /phpmyadmin/themes/pmahomme/img/left_nav_bg.png HTTP/1.1" 200 297
[10/Sep/2018:15:31:00 +0200] drupal-7-59.dd "GET /phpmyadmin/favicon.ico HTTP/1.1" 200 18902
[10/Sep/2018:15:31:00 +0200] drupal-7-59.dd "POST /phpmyadmin/db_structure.php?ajax_request=1&favorite_table=1&sync_favorite_tables=1&lang=da&collation_connection=utf8mb4_unicode_ci&token=0c7a403ba48f261d33299992dadcd2c1 HTTP/1.1" 200 1382
[10/Sep/2018:15:31:00 +0200] drupal-7-59.dd "GET /phpmyadmin/version_check.php?&_nocache=1536586260192731640 HTTP/1.1" 200 39
[10/Sep/2018:15:31:14 +0200] drupal-7-59.dd "GET /phpmyadmin/db_structure.php?server=1&db=drupal_7_59&token=0c7a403ba48f261d33299992dadcd2c1&ajax_request=true&ajax_page_request=true&menuHashes=dfe153dd&_nocache=1536586274096169305 HTTP/1.1" 200 1717
[10/Sep/2018:15:31:14 +0200] drupal-7-59.dd "GET /phpmyadmin/js/get_scripts.js.php?scripts%5B%5D=db_structure.js&scripts%5B%5D=tbl_change.js&call_done=1 HTTP/1.1" 200 10796
[10/Sep/2018:15:31:14 +0200] drupal-7-59.dd "GET /phpmyadmin/navigation.php?ajax_request=1&lang=da&collation_connection=utf8mb4_unicode_ci&token=0c7a403ba48f261d33299992dadcd2c1&aPath=cm9vdA%3D%3D.ZHJ1cGFsXzdfNTk%3D&vPath=cm9vdA%3D%3D.ZHJ1cGFsXzdfNTk%3D&pos=0&pos2_name=&pos2_value=&searchClause=&searchClause2=&_nocache=1536586274264283700 HTTP/1.1" 200 1327
[24/Sep/2018:12:45:40 +0200] drupal-7-59.dd "GET /phpmyadmin/index.php HTTP/1.1" 200 9858
[24/Sep/2018:12:45:42 +0200] drupal-7-59.dd "GET /phpmyadmin/themes/pmahomme/jquery/jquery-ui-1.11.2.css HTTP/1.1" 200 35212
[24/Sep/2018:12:45:42 +0200] drupal-7-59.dd "GET /phpmyadmin/themes/pmahomme/img/logo_left.png HTTP/1.1" 200 2327
[24/Sep/2018:12:45:42 +0200] drupal-7-59.dd "GET /phpmyadmin/themes/dot.gif HTTP/1.1" 200 43
[24/Sep/2018:12:45:42 +0200] drupal-7-59.dd "GET /phpmyadmin/themes/pmahomme/img/ajax_clock_small.gif HTTP/1.1" 200 1810
[24/Sep/2018:12:45:42 +0200] drupal-7-59.dd "GET /phpmyadmin/themes/pmahomme/img/s_collapseall.png HTTP/1.1" 200 170
[24/Sep/2018:12:45:42 +0200] drupal-7-59.dd "GET /phpmyadmin/phpmyadmin.css.php?nocache=6137880800ltr HTTP/1.1" 200 21380
[24/Sep/2018:12:45:42 +0200] drupal-7-59.dd "GET /phpmyadmin/js/get_image.js.php?theme=pmahomme HTTP/1.1" 200 1812
[24/Sep/2018:12:45:42 +0200] drupal-7-59.dd "GET /phpmyadmin/js/get_scripts.js.php?scripts%5B%5D=jquery/jquery-1.11.1.min.js&scripts%5B%5D=sprintf.js&scripts%5B%5D=ajax.js&scripts%5B%5D=keyhandler.js&scripts%5B%5D=jquery/jquery-ui-1.11.2.min.js&scripts%5B%5D=jquery/jquery.cookie.js&scripts%5B%5D=jquery/jquery.mousewheel.js&scripts%5B%5D=jquery/jquery.event.drag-2.2.js&scripts%5B%5D=jquery/jquery-ui-timepicker-addon.js&scripts%5B%5D=jquery/jquery.ba-hashchange-1.3.js&scripts%5B%5D=jquery/jquery.debounce-1.0.5.js&scripts%5B%5D=menu-resizer.js&scripts%5B%5D=cross_framing_protection.js&scripts%5B%5D=rte.js&scripts%5B%5D=tracekit/tracekit.js&scripts%5B%5D=error_report.js&scripts%5B%5D=doclinks.js&scripts%5B%5D=functions.js&scripts%5B%5D=navigation.js&scripts%5B%5D=indexes.js&scripts%5B%5D=common.js&scripts%5B%5D=codemirror/lib/codemirror.js&scripts%5B%5D=codemirror/mode/sql/sql.js&scripts%5B%5D=codemirror/addon/runmode/runmode.js&scripts%5B%5D=codemirror/addon/hint/show-hint.js&scripts%5B%5D=codemirror/addon/hint/sql-hint.js&scripts%5B%5D=console.js&scripts%5B%5D=config.js HTTP/1.1" 200 337379
[24/Sep/2018:12:45:42 +0200] drupal-7-59.dd "GET /phpmyadmin/js/messages.php?lang=da&db=&token=0c7a403ba48f261d33299992dadcd2c1 HTTP/1.1" 200 8196
[24/Sep/2018:12:45:42 +0200] drupal-7-59.dd "GET /phpmyadmin/js/whitelist.php?lang=da&db=&token=0c7a403ba48f261d33299992dadcd2c1 HTTP/1.1" 200 498
[24/Sep/2018:12:45:44 +0200] drupal-7-59.dd "GET /phpmyadmin/themes/pmahomme/img/sprites.png HTTP/1.1" 200 45779
[24/Sep/2018:12:45:44 +0200] drupal-7-59.dd "GET /phpmyadmin/themes/pmahomme/img/left_nav_bg.png HTTP/1.1" 200 297
[24/Sep/2018:12:45:45 +0200] drupal-7-59.dd "GET /phpmyadmin/favicon.ico HTTP/1.1" 200 18902
[24/Sep/2018:12:45:45 +0200] drupal-7-59.dd "GET /phpmyadmin/version_check.php?&_nocache=1537785945258727858 HTTP/1.1" 200 39
[24/Sep/2018:12:46:00 +0200] drupal-7-59.dd "GET /phpmyadmin/db_structure.php?server=1&db=database&token=0c7a403ba48f261d33299992dadcd2c1&ajax_request=true&ajax_page_request=true&menuHashes=80f8cdee&_nocache=153778596004771860 HTTP/1.1" 200 1706
[24/Sep/2018:12:46:00 +0200] drupal-7-59.dd "GET /phpmyadmin/db_structure.php?server=1&db=database&token=0c7a403ba48f261d33299992dadcd2c1&ajax_request=true&ajax_page_request=true&menuHashes=80f8cdee&_nocache=1537785960211605378 HTTP/1.1" 200 1706
[24/Sep/2018:12:46:00 +0200] drupal-7-59.dd "GET /phpmyadmin/js/get_scripts.js.php?scripts%5B%5D=db_structure.js&scripts%5B%5D=tbl_change.js&call_done=1 HTTP/1.1" 200 10796
[24/Sep/2018:12:46:00 +0200] drupal-7-59.dd "GET /phpmyadmin/navigation.php?ajax_request=1&token=0c7a403ba48f261d33299992dadcd2c1&aPath=cm9vdA%3D%3D.ZGF0YWJhc2U%3D&vPath=cm9vdA%3D%3D.ZGF0YWJhc2U%3D&pos=0&pos2_name=&pos2_value=&searchClause=&searchClause2=&_nocache=153778596043121075 HTTP/1.1" 200 1327
[24/Sep/2018:13:12:33 +0200] database.dd "GET /install.php HTTP/1.1" 301 248
[24/Sep/2018:13:12:33 +0200] database.dd "GET /core/install.php HTTP/1.1" 200 14081
[24/Sep/2018:13:12:44 +0200] database.dd "GET /core/assets/vendor/normalize-css/normalize.css?0 HTTP/1.1" 200 7708
[24/Sep/2018:13:12:44 +0200] database.dd "GET /core/themes/stable/css/system/components/autocomplete-loading.module.css?0 HTTP/1.1" 200 611
[24/Sep/2018:13:12:44 +0200] database.dd "GET /core/themes/stable/css/system/components/ajax-progress.module.css?0 HTTP/1.1" 200 1035
[24/Sep/2018:13:12:44 +0200] database.dd "GET /core/themes/stable/css/system/components/align.module.css?0 HTTP/1.1" 200 484
[24/Sep/2018:13:12:44 +0200] database.dd "GET /core/themes/stable/css/system/components/fieldgroup.module.css?0 HTTP/1.1" 200 95
[24/Sep/2018:13:12:44 +0200] database.dd "GET /core/misc/normalize-fixes.css?0 HTTP/1.1" 200 242
[24/Sep/2018:13:12:44 +0200] database.dd "GET /core/themes/stable/css/system/components/container-inline.module.css?0 HTTP/1.1" 200 222
[24/Sep/2018:13:12:44 +0200] database.dd "GET /core/themes/stable/css/system/components/hidden.module.css?0 HTTP/1.1" 200 1359
[24/Sep/2018:13:12:44 +0200] database.dd "GET /core/themes/stable/css/system/components/clearfix.module.css?0 HTTP/1.1" 200 306
[24/Sep/2018:13:12:44 +0200] database.dd "GET /core/themes/stable/css/system/components/details.module.css?0 HTTP/1.1" 200 127
[24/Sep/2018:13:12:44 +0200] database.dd "GET /core/themes/stable/css/system/components/item-list.module.css?0 HTTP/1.1" 200 285
[24/Sep/2018:13:12:44 +0200] database.dd "GET /core/themes/stable/css/system/components/position-container.module.css?0 HTTP/1.1" 200 95
[24/Sep/2018:13:12:44 +0200] database.dd "GET /core/themes/stable/css/system/components/js.module.css?0 HTTP/1.1" 200 402
[24/Sep/2018:13:12:44 +0200] database.dd "GET /core/themes/stable/css/system/components/progress.module.css?0 HTTP/1.1" 200 826
[24/Sep/2018:13:12:44 +0200] database.dd "GET /core/themes/stable/css/system/components/nowrap.module.css?0 HTTP/1.1" 200 96
[24/Sep/2018:13:12:44 +0200] database.dd "GET /core/themes/stable/css/system/components/resize.module.css?0 HTTP/1.1" 200 270
[24/Sep/2018:13:12:44 +0200] database.dd "GET /core/themes/stable/css/system/components/sticky-header.module.css?0 HTTP/1.1" 200 163
[24/Sep/2018:13:12:44 +0200] database.dd "GET /core/themes/stable/css/system/components/reset-appearance.module.css?0 HTTP/1.1" 200 274
[24/Sep/2018:13:12:44 +0200] database.dd "GET /core/themes/stable/css/system/components/tree-child.module.css?0 HTTP/1.1" 200 478
[24/Sep/2018:13:12:44 +0200] database.dd "GET /core/themes/stable/css/system/components/tabledrag.module.css?0 HTTP/1.1" 200 1840
[24/Sep/2018:13:12:44 +0200] database.dd "GET /core/themes/stable/css/system/components/tablesort.module.css?0 HTTP/1.1" 200 373
[24/Sep/2018:13:12:44 +0200] database.dd "GET /core/themes/stable/css/system/system.maintenance.css?0 HTTP/1.1" 200 896
[24/Sep/2018:13:12:44 +0200] database.dd "GET /core/themes/stable/css/system/system.admin.css?0 HTTP/1.1" 200 8606
[24/Sep/2018:13:12:44 +0200] database.dd "GET /core/themes/seven/css/base/typography.css?0 HTTP/1.1" 200 648
[24/Sep/2018:13:12:44 +0200] database.dd "GET /core/themes/seven/css/base/elements.css?0 HTTP/1.1" 200 2535
[24/Sep/2018:13:12:44 +0200] database.dd "GET /core/themes/seven/css/base/print.css?0 HTTP/1.1" 200 1601
[24/Sep/2018:13:12:44 +0200] database.dd "GET /core/themes/classy/css/components/action-links.css?0 HTTP/1.1" 200 832
[24/Sep/2018:13:12:44 +0200] database.dd "GET /core/themes/seven/css/layout/layout.css?0 HTTP/1.1" 200 180
[24/Sep/2018:13:12:44 +0200] database.dd "GET /core/themes/classy/css/components/breadcrumb.css?0 HTTP/1.1" 200 491
[24/Sep/2018:13:12:44 +0200] database.dd "GET /core/themes/classy/css/components/button.css?0 HTTP/1.1" 200 204
[24/Sep/2018:13:12:44 +0200] database.dd "GET /core/themes/classy/css/components/icons.css?0 HTTP/1.1" 200 421
[24/Sep/2018:13:12:44 +0200] database.dd "GET /core/themes/classy/css/components/form.css?0 HTTP/1.1" 200 2184
[24/Sep/2018:13:12:44 +0200] database.dd "GET /core/themes/classy/css/components/container-inline.css?0 HTTP/1.1" 200 363
[24/Sep/2018:13:12:44 +0200] database.dd "GET /core/themes/classy/css/components/field.css?0 HTTP/1.1" 200 526
[24/Sep/2018:13:12:44 +0200] database.dd "GET /core/themes/classy/css/components/collapse-processed.css?0 HTTP/1.1" 200 825
[24/Sep/2018:13:12:44 +0200] database.dd "GET /core/themes/classy/css/components/exposed-filters.css?0 HTTP/1.1" 200 905
[24/Sep/2018:13:12:44 +0200] database.dd "GET /core/themes/classy/css/components/inline-form.css?0 HTTP/1.1" 200 741
[24/Sep/2018:13:12:44 +0200] database.dd "GET /core/themes/classy/css/components/item-list.css?0 HTTP/1.1" 200 546
[24/Sep/2018:13:12:44 +0200] database.dd "GET /core/themes/classy/css/components/link.css?0 HTTP/1.1" 200 217
[24/Sep/2018:13:12:44 +0200] database.dd "GET /core/themes/classy/css/components/more-link.css?0 HTTP/1.1" 200 171
[24/Sep/2018:13:12:44 +0200] database.dd "GET /core/themes/classy/css/components/menu.css?0 HTTP/1.1" 200 672
[24/Sep/2018:13:12:44 +0200] database.dd "GET /core/themes/classy/css/components/tabledrag.css?0 HTTP/1.1" 200 202
[24/Sep/2018:13:12:44 +0200] database.dd "GET /core/themes/classy/css/components/pager.css?0 HTTP/1.1" 200 203
[24/Sep/2018:13:12:44 +0200] database.dd "GET /core/themes/classy/css/components/links.css?0 HTTP/1.1" 200 343
[24/Sep/2018:13:12:44 +0200] database.dd "GET /core/themes/classy/css/components/tablesort.css?0 HTTP/1.1" 200 126
[24/Sep/2018:13:12:44 +0200] database.dd "GET /core/themes/classy/css/components/tabs.css?0 HTTP/1.1" 200 470
[24/Sep/2018:13:12:44 +0200] database.dd "GET /core/themes/classy/css/components/tableselect.css?0 HTTP/1.1" 200 302
[24/Sep/2018:13:12:44 +0200] database.dd "GET /core/themes/classy/css/components/textarea.css?0 HTTP/1.1" 200 169
[24/Sep/2018:13:12:44 +0200] database.dd "GET /core/themes/classy/css/components/messages.css?0 HTTP/1.1" 200 1917
[24/Sep/2018:13:12:44 +0200] database.dd "GET /core/themes/classy/css/components/ui-dialog.css?0 HTTP/1.1" 200 208
[24/Sep/2018:13:12:44 +0200] database.dd "GET /core/themes/seven/css/components/container-inline.css?0 HTTP/1.1" 200 273
[24/Sep/2018:13:12:44 +0200] database.dd "GET /core/themes/seven/css/components/admin-list.css?0 HTTP/1.1" 200 987
[24/Sep/2018:13:12:44 +0200] database.dd "GET /core/themes/seven/css/components/breadcrumb.css?0 HTTP/1.1" 200 94
[24/Sep/2018:13:12:44 +0200] database.dd "GET /core/themes/seven/css/components/content-header.css?0 HTTP/1.1" 200 117
[24/Sep/2018:13:12:44 +0200] database.dd "GET /core/themes/seven/css/components/container-inline.module.css?0 HTTP/1.1" 200 111
[24/Sep/2018:13:12:44 +0200] database.dd "GET /core/themes/seven/css/components/details.css?0 HTTP/1.1" 200 489
[24/Sep/2018:13:12:44 +0200] database.dd "GET /core/themes/seven/css/components/buttons.css?0 HTTP/1.1" 200 5330
[24/Sep/2018:13:12:44 +0200] database.dd "GET /core/themes/seven/css/components/messages.css?0 HTTP/1.1" 200 391
[24/Sep/2018:13:12:44 +0200] database.dd "GET /core/themes/seven/css/components/dropbutton.component.css?0 HTTP/1.1" 200 11067
[24/Sep/2018:13:12:44 +0200] database.dd "GET /core/themes/seven/css/components/form.css?0 HTTP/1.1" 200 7392
[24/Sep/2018:13:12:44 +0200] database.dd "GET /core/themes/seven/css/components/field-ui.css?0 HTTP/1.1" 200 842
[24/Sep/2018:13:12:44 +0200] database.dd "GET /core/themes/seven/css/components/help.css?0 HTTP/1.1" 200 90
[24/Sep/2018:13:12:44 +0200] database.dd "GET /core/themes/seven/css/components/entity-meta.css?0 HTTP/1.1" 200 1787
[24/Sep/2018:13:12:44 +0200] database.dd "GET /core/themes/seven/css/components/menus-and-lists.css?0 HTTP/1.1" 200 789
[24/Sep/2018:13:12:44 +0200] database.dd "GET /core/themes/seven/css/components/page-title.css?0 HTTP/1.1" 200 112
[24/Sep/2018:13:12:44 +0200] database.dd "GET /core/themes/seven/css/components/modules-page.css?0 HTTP/1.1" 200 1083
[24/Sep/2018:13:12:44 +0200] database.dd "GET /core/themes/seven/css/components/node.css?0 HTTP/1.1" 200 38
[24/Sep/2018:13:12:44 +0200] database.dd "GET /core/themes/seven/css/components/panel.css?0 HTTP/1.1" 200 283
[24/Sep/2018:13:12:44 +0200] database.dd "GET /core/themes/seven/css/components/tables.css?0 HTTP/1.1" 200 2470
[24/Sep/2018:13:12:44 +0200] database.dd "GET /core/themes/seven/css/components/pager.css?0 HTTP/1.1" 200 895
[24/Sep/2018:13:12:44 +0200] database.dd "GET /core/themes/seven/css/components/skip-link.css?0 HTTP/1.1" 200 495
[24/Sep/2018:13:12:44 +0200] database.dd "GET /core/themes/seven/css/components/system-status-report-general-info.css?0 HTTP/1.1" 200 3736
[24/Sep/2018:13:12:44 +0200] database.dd "GET /core/themes/seven/css/components/search-admin-settings.css?0 HTTP/1.1" 200 238
[24/Sep/2018:13:12:44 +0200] database.dd "GET /core/themes/seven/css/components/tablesort-indicator.css?0 HTTP/1.1" 200 568
[24/Sep/2018:13:12:44 +0200] database.dd "GET /core/themes/seven/css/components/system-status-counter.css?0 HTTP/1.1" 200 2089
[24/Sep/2018:13:12:44 +0200] database.dd "GET /core/themes/seven/css/components/system-status-report-counters.css?0 HTTP/1.1" 200 514
[24/Sep/2018:13:12:44 +0200] database.dd "GET /core/themes/seven/css/components/system-status-report.css?0 HTTP/1.1" 200 3984
[24/Sep/2018:13:12:44 +0200] database.dd "GET /core/themes/seven/css/components/tabs.css?0 HTTP/1.1" 200 8508
[24/Sep/2018:13:12:44 +0200] database.dd "GET /core/themes/seven/css/theme/install-page.css?0 HTTP/1.1" 200 1324
[24/Sep/2018:13:12:44 +0200] database.dd "GET /core/themes/seven/css/theme/colors.css?0 HTTP/1.1" 200 225
[24/Sep/2018:13:12:44 +0200] database.dd "GET /core/themes/seven/css/components/views-ui.css?0 HTTP/1.1" 200 7096
[24/Sep/2018:13:12:44 +0200] database.dd "GET /core/themes/seven/css/theme/maintenance-page.css?0 HTTP/1.1" 200 3958
[24/Sep/2018:13:12:44 +0200] database.dd "GET /core/assets/vendor/jquery/jquery.min.js?v=3.2.1 HTTP/1.1" 200 86659
[24/Sep/2018:13:12:44 +0200] database.dd "GET /core/assets/vendor/domready/ready.min.js?v=1.0.8 HTTP/1.1" 200 485
[24/Sep/2018:13:12:44 +0200] database.dd "GET /core/misc/drupalSettingsLoader.js?v=8.6.1 HTTP/1.1" 200 519
[24/Sep/2018:13:12:44 +0200] database.dd "GET /core/misc/drupal.init.js?v=8.6.1 HTTP/1.1" 200 409
[24/Sep/2018:13:12:44 +0200] database.dd "GET /core/themes/seven/js/mobile.install.js?v=8.6.1 HTTP/1.1" 200 962
[24/Sep/2018:13:12:44 +0200] database.dd "GET /core/misc/drupal.js?v=8.6.1 HTTP/1.1" 200 5313
[24/Sep/2018:13:12:44 +0200] database.dd "GET /core/misc/states.js?v=8.6.1 HTTP/1.1" 200 10098
[24/Sep/2018:13:12:44 +0200] database.dd "GET /core/assets/vendor/jquery-once/jquery.once.min.js?v=2.2.0 HTTP/1.1" 200 872
[24/Sep/2018:13:12:44 +0200] database.dd "GET /core/misc/icons/333333/caret-down.svg HTTP/1.1" 200 202
[24/Sep/2018:13:12:44 +0200] database.dd "GET /core/themes/seven/images/noise-low.png HTTP/1.1" 200 5154
[24/Sep/2018:13:12:45 +0200] database.dd "GET /core/misc/favicon.ico HTTP/1.1" 200 5430
[24/Sep/2018:13:13:29 +0200] database.dd "POST /core/install.php HTTP/1.1" 302 512
[24/Sep/2018:13:13:34 +0200] database.dd "GET /core/install.php?rewrite=ok&langcode=da HTTP/1.1" 200 10995
[24/Sep/2018:13:13:42 +0200] database.dd "GET /core/misc/debounce.js?v=8.6.1 HTTP/1.1" 200 761
[24/Sep/2018:13:13:42 +0200] database.dd "GET /core/assets/vendor/modernizr/modernizr.min.js?v=3.3.1 HTTP/1.1" 200 4680
[24/Sep/2018:13:13:42 +0200] database.dd "GET /core/assets/vendor/matchMedia/matchMedia.addListener.min.js?v=0.2.0 HTTP/1.1" 200 686
[24/Sep/2018:13:13:42 +0200] database.dd "GET /core/assets/vendor/matchMedia/matchMedia.min.js?v=0.2.0 HTTP/1.1" 200 602
[24/Sep/2018:13:13:42 +0200] database.dd "GET /core/assets/vendor/jquery.cookie/jquery.cookie.min.js?v=1.4.1 HTTP/1.1" 200 1300
[24/Sep/2018:13:13:42 +0200] database.dd "GET /core/themes/seven/js/responsive-details.js?v=8.6.1 HTTP/1.1" 200 1126
[24/Sep/2018:13:13:42 +0200] database.dd "GET /core/misc/details-aria.js?v=8.6.1 HTTP/1.1" 200 606
[24/Sep/2018:13:13:42 +0200] database.dd "GET /core/misc/collapse.js?v=8.6.1 HTTP/1.1" 200 2891
[24/Sep/2018:13:13:42 +0200] database.dd "GET /core/misc/form.js?v=8.6.1 HTTP/1.1" 200 4955
[24/Sep/2018:13:13:42 +0200] database.dd "GET /core/themes/stable/images/core/icons/e32700/error.svg HTTP/1.1" 200 679
[24/Sep/2018:13:14:12 +0200] database.dd "GET /core/install.php?rewrite=ok&langcode=da HTTP/1.1" 200 10995
[24/Sep/2018:13:14:48 +0200] database.dd "GET / HTTP/1.1" 302 312
[24/Sep/2018:13:14:50 +0200] database.dd "GET /core/install.php HTTP/1.1" 200 14081
[24/Sep/2018:13:14:58 +0200] database.dd "POST /core/install.php HTTP/1.1" 302 512
[24/Sep/2018:13:15:00 +0200] database.dd "GET /core/install.php?rewrite=ok&langcode=en HTTP/1.1" 200 11950
[24/Sep/2018:13:15:03 +0200] database.dd "GET /core/misc/icons/e29700/warning.svg HTTP/1.1" 200 412
[24/Sep/2018:13:21:53 +0200] database.dd "POST /core/install.php?rewrite=ok&langcode=en HTTP/1.1" 302 596
[24/Sep/2018:13:21:56 +0200] database.dd "GET /core/install.php?rewrite=ok&langcode=en&profile=standard HTTP/1.1" 200 14610
[24/Sep/2018:13:21:59 +0200] database.dd "GET /core/themes/stable/images/core/icons/e29700/warning.svg HTTP/1.1" 200 412
[24/Sep/2018:13:22:23 +0200] database.dd "GET /core/install.php?rewrite=ok&langcode=en&profile=standard&continue=1 HTTP/1.1" 302 744
[24/Sep/2018:13:22:36 +0200] database.dd "GET /core/install.php?rewrite=ok&langcode=en&profile=standard&continue=1&id=1&op=start HTTP/1.1" 200 10111
[24/Sep/2018:13:22:39 +0200] database.dd "GET /core/themes/classy/css/components/progress.css?0 HTTP/1.1" 200 1954
[24/Sep/2018:13:22:39 +0200] database.dd "GET /core/misc/batch.js?1537788156 HTTP/1.1" 200 1085
[24/Sep/2018:13:22:39 +0200] database.dd "GET /core/misc/progress.js?v=8.6.1 HTTP/1.1" 200 2885
[24/Sep/2018:13:22:39 +0200] database.dd "GET /core/misc/ajax.js?v=8.6.1 HTTP/1.1" 200 20418
[24/Sep/2018:13:22:39 +0200] database.dd "POST /core/install.php?rewrite=ok&langcode=en&profile=standard&continue=1&id=1&op=do_nojs&op=do&_format=json HTTP/1.1" 200 159
[24/Sep/2018:13:22:42 +0200] database.dd "POST /core/install.php?rewrite=ok&langcode=en&profile=standard&continue=1&id=1&op=do_nojs&op=do&_format=json HTTP/1.1" 200 180
[24/Sep/2018:13:22:45 +0200] database.dd "POST /core/install.php?rewrite=ok&langcode=en&profile=standard&continue=1&id=1&op=do_nojs&op=do&_format=json HTTP/1.1" 200 160
[24/Sep/2018:13:22:49 +0200] database.dd "POST /core/install.php?rewrite=ok&langcode=en&profile=standard&continue=1&id=1&op=do_nojs&op=do&_format=json HTTP/1.1" 200 157
[24/Sep/2018:13:22:53 +0200] database.dd "POST /core/install.php?rewrite=ok&langcode=en&profile=standard&continue=1&id=1&op=do_nojs&op=do&_format=json HTTP/1.1" 200 167
[24/Sep/2018:13:22:56 +0200] database.dd "POST /core/install.php?rewrite=ok&langcode=en&profile=standard&continue=1&id=1&op=do_nojs&op=do&_format=json HTTP/1.1" 200 172
[24/Sep/2018:13:23:00 +0200] database.dd "POST /core/install.php?rewrite=ok&langcode=en&profile=standard&continue=1&id=1&op=do_nojs&op=do&_format=json HTTP/1.1" 200 156
[24/Sep/2018:13:23:03 +0200] database.dd "POST /core/install.php?rewrite=ok&langcode=en&profile=standard&continue=1&id=1&op=do_nojs&op=do&_format=json HTTP/1.1" 200 170
[24/Sep/2018:13:23:07 +0200] database.dd "POST /core/install.php?rewrite=ok&langcode=en&profile=standard&continue=1&id=1&op=do_nojs&op=do&_format=json HTTP/1.1" 200 158
[24/Sep/2018:13:23:11 +0200] database.dd "POST /core/install.php?rewrite=ok&langcode=en&profile=standard&continue=1&id=1&op=do_nojs&op=do&_format=json HTTP/1.1" 200 159
[24/Sep/2018:13:23:14 +0200] database.dd "POST /core/install.php?rewrite=ok&langcode=en&profile=standard&continue=1&id=1&op=do_nojs&op=do&_format=json HTTP/1.1" 200 159
[24/Sep/2018:13:23:18 +0200] database.dd "POST /core/install.php?rewrite=ok&langcode=en&profile=standard&continue=1&id=1&op=do_nojs&op=do&_format=json HTTP/1.1" 200 175
[24/Sep/2018:13:23:22 +0200] database.dd "POST /core/install.php?rewrite=ok&langcode=en&profile=standard&continue=1&id=1&op=do_nojs&op=do&_format=json HTTP/1.1" 200 160
[24/Sep/2018:13:23:26 +0200] database.dd "POST /core/install.php?rewrite=ok&langcode=en&profile=standard&continue=1&id=1&op=do_nojs&op=do&_format=json HTTP/1.1" 200 158
[24/Sep/2018:13:23:32 +0200] database.dd "POST /core/install.php?rewrite=ok&langcode=en&profile=standard&continue=1&id=1&op=do_nojs&op=do&_format=json HTTP/1.1" 200 160
[24/Sep/2018:13:23:36 +0200] database.dd "POST /core/install.php?rewrite=ok&langcode=en&profile=standard&continue=1&id=1&op=do_nojs&op=do&_format=json HTTP/1.1" 200 158
[24/Sep/2018:13:23:40 +0200] database.dd "POST /core/install.php?rewrite=ok&langcode=en&profile=standard&continue=1&id=1&op=do_nojs&op=do&_format=json HTTP/1.1" 200 161
[24/Sep/2018:13:23:44 +0200] database.dd "POST /core/install.php?rewrite=ok&langcode=en&profile=standard&continue=1&id=1&op=do_nojs&op=do&_format=json HTTP/1.1" 200 159
[24/Sep/2018:13:23:48 +0200] database.dd "POST /core/install.php?rewrite=ok&langcode=en&profile=standard&continue=1&id=1&op=do_nojs&op=do&_format=json HTTP/1.1" 200 166
[24/Sep/2018:13:23:54 +0200] database.dd "POST /core/install.php?rewrite=ok&langcode=en&profile=standard&continue=1&id=1&op=do_nojs&op=do&_format=json HTTP/1.1" 200 158
[24/Sep/2018:13:24:02 +0200] database.dd "POST /core/install.php?rewrite=ok&langcode=en&profile=standard&continue=1&id=1&op=do_nojs&op=do&_format=json HTTP/1.1" 200 164
[24/Sep/2018:13:24:06 +0200] database.dd "POST /core/install.php?rewrite=ok&langcode=en&profile=standard&continue=1&id=1&op=do_nojs&op=do&_format=json HTTP/1.1" 200 165
[24/Sep/2018:13:24:10 +0200] database.dd "POST /core/install.php?rewrite=ok&langcode=en&profile=standard&continue=1&id=1&op=do_nojs&op=do&_format=json HTTP/1.1" 200 162
[24/Sep/2018:13:24:14 +0200] database.dd "POST /core/install.php?rewrite=ok&langcode=en&profile=standard&continue=1&id=1&op=do_nojs&op=do&_format=json HTTP/1.1" 200 161
[24/Sep/2018:13:24:21 +0200] database.dd "POST /core/install.php?rewrite=ok&langcode=en&profile=standard&continue=1&id=1&op=do_nojs&op=do&_format=json HTTP/1.1" 200 170
[24/Sep/2018:13:24:25 +0200] database.dd "POST /core/install.php?rewrite=ok&langcode=en&profile=standard&continue=1&id=1&op=do_nojs&op=do&_format=json HTTP/1.1" 200 162
[24/Sep/2018:13:24:29 +0200] database.dd "POST /core/install.php?rewrite=ok&langcode=en&profile=standard&continue=1&id=1&op=do_nojs&op=do&_format=json HTTP/1.1" 200 162
[24/Sep/2018:13:24:34 +0200] database.dd "POST /core/install.php?rewrite=ok&langcode=en&profile=standard&continue=1&id=1&op=do_nojs&op=do&_format=json HTTP/1.1" 200 161
[24/Sep/2018:13:24:39 +0200] database.dd "POST /core/install.php?rewrite=ok&langcode=en&profile=standard&continue=1&id=1&op=do_nojs&op=do&_format=json HTTP/1.1" 200 162
[24/Sep/2018:13:24:45 +0200] database.dd "POST /core/install.php?rewrite=ok&langcode=en&profile=standard&continue=1&id=1&op=do_nojs&op=do&_format=json HTTP/1.1" 200 159
[24/Sep/2018:13:24:50 +0200] database.dd "POST /core/install.php?rewrite=ok&langcode=en&profile=standard&continue=1&id=1&op=do_nojs&op=do&_format=json HTTP/1.1" 200 158
[24/Sep/2018:13:24:54 +0200] database.dd "POST /core/install.php?rewrite=ok&langcode=en&profile=standard&continue=1&id=1&op=do_nojs&op=do&_format=json HTTP/1.1" 200 159
[24/Sep/2018:13:24:59 +0200] database.dd "POST /core/install.php?rewrite=ok&langcode=en&profile=standard&continue=1&id=1&op=do_nojs&op=do&_format=json HTTP/1.1" 200 171
[24/Sep/2018:13:25:05 +0200] database.dd "POST /core/install.php?rewrite=ok&langcode=en&profile=standard&continue=1&id=1&op=do_nojs&op=do&_format=json HTTP/1.1" 200 161
[24/Sep/2018:13:25:10 +0200] database.dd "POST /core/install.php?rewrite=ok&langcode=en&profile=standard&continue=1&id=1&op=do_nojs&op=do&_format=json HTTP/1.1" 200 158
[24/Sep/2018:13:25:15 +0200] database.dd "POST /core/install.php?rewrite=ok&langcode=en&profile=standard&continue=1&id=1&op=do_nojs&op=do&_format=json HTTP/1.1" 200 164
[24/Sep/2018:13:25:19 +0200] database.dd "POST /core/install.php?rewrite=ok&langcode=en&profile=standard&continue=1&id=1&op=do_nojs&op=do&_format=json HTTP/1.1" 200 161
[24/Sep/2018:13:25:23 +0200] database.dd "POST /core/install.php?rewrite=ok&langcode=en&profile=standard&continue=1&id=1&op=do_nojs&op=do&_format=json HTTP/1.1" 200 162
[24/Sep/2018:13:25:31 +0200] database.dd "POST /core/install.php?rewrite=ok&langcode=en&profile=standard&continue=1&id=1&op=do_nojs&op=do&_format=json HTTP/1.1" 200 163
[24/Sep/2018:13:25:38 +0200] database.dd "GET /core/install.php?rewrite=ok&langcode=en&profile=standard&continue=1&id=1&op=do_nojs&op=finished HTTP/1.1" 303 656
