[Mon Sep 10 15:20:46.110277 2018] [ssl:warn] [pid 14052:tid 632] AH01873: Init: Session Cache is not configured [hint: SSLSessionCache]
[Mon Sep 10 15:20:46.112272 2018] [mpm_winnt:notice] [pid 14052:tid 632] AH00455: Apache/2.4.33 (Win64) OpenSSL/1.1.0h mod_fcgid/2.3.9 configured -- resuming normal operations
[Mon Sep 10 15:20:46.113269 2018] [mpm_winnt:notice] [pid 14052:tid 632] AH00456: Apache Lounge VC15 Server built: Mar 28 2018 12:38:12
[Mon Sep 10 15:20:46.113269 2018] [core:notice] [pid 14052:tid 632] AH00094: Command line: 'D:\\Program Files (x86)\\DevDesktop\\apache\\bin\\httpd.exe -d D:/Program Files (x86)/DevDesktop/apache -D php5_5 -D php_fcgi -C SetEnv DEVDESKTOP_DRUPAL_SETTINGS_DIR 'C:\\Users\\kfsai\\.acquia\\DevDesktop\\DrupalSettings' -f D:\\Program Files (x86)\\DevDesktop\\apache\\conf\\httpd.conf'
[Mon Sep 10 15:20:46.119253 2018] [mpm_winnt:notice] [pid 14052:tid 632] AH00418: Parent: Created child process 2848
[Mon Sep 10 15:20:46.828604 2018] [ssl:warn] [pid 2848:tid 684] AH01873: Init: Session Cache is not configured [hint: SSLSessionCache]
[Mon Sep 10 15:20:46.838577 2018] [mpm_winnt:notice] [pid 2848:tid 684] AH00354: Child: Starting 64 worker threads.
[Mon Sep 10 15:26:54.471581 2018] [mpm_winnt:crit] [pid 2848:tid 684] AH02538: Child: Parent process exited abruptly. Child process is ending
[Mon Sep 10 15:26:54.472578 2018] [mpm_winnt:warn] [pid 2848:tid 1356] (OS 995)I/O-handlingen er blevet afbrudt pga. en afsluttende tråd eller programanmodning.  : AH00341: winnt_accept: Asynchronous AcceptEx failed.
[Mon Sep 10 15:26:54.471581 2018] [mpm_winnt:warn] [pid 2848:tid 660] (OS 995)I/O-handlingen er blevet afbrudt pga. en afsluttende tråd eller programanmodning.  : AH00341: winnt_accept: Asynchronous AcceptEx failed.
[Mon Sep 10 15:26:54.471581 2018] [mpm_winnt:warn] [pid 2848:tid 640] (OS 995)I/O-handlingen er blevet afbrudt pga. en afsluttende tråd eller programanmodning.  : AH00341: winnt_accept: Asynchronous AcceptEx failed.
[Mon Sep 10 15:26:54.472578 2018] [mpm_winnt:warn] [pid 2848:tid 668] (OS 995)I/O-handlingen er blevet afbrudt pga. en afsluttende tråd eller programanmodning.  : AH00341: winnt_accept: Asynchronous AcceptEx failed.
[Mon Sep 10 15:26:54.472578 2018] [mpm_winnt:error] [pid 2848:tid 1356] (OS 10038)Der blev forsøgt en handling på noget, som ikke er en socket.  : AH00337: Child: Encountered too many AcceptEx faults accepting client connections. Possible causes: dynamic address renewal, or incompatible VPN or firewall software. 
[Mon Sep 10 15:26:54.472578 2018] [mpm_winnt:error] [pid 2848:tid 640] (OS 10038)Der blev forsøgt en handling på noget, som ikke er en socket.  : AH00337: Child: Encountered too many AcceptEx faults accepting client connections. Possible causes: dynamic address renewal, or incompatible VPN or firewall software. 
[Mon Sep 10 15:26:54.473575 2018] [mpm_winnt:notice] [pid 2848:tid 1356] (OS 10038)Der blev forsøgt en handling på noget, som ikke er en socket.  : AH00338: winnt_mpm: falling back to 'AcceptFilter none'.
[Mon Sep 10 15:26:54.473575 2018] [mpm_winnt:notice] [pid 2848:tid 640] (OS 10038)Der blev forsøgt en handling på noget, som ikke er en socket.  : AH00338: winnt_mpm: falling back to 'AcceptFilter none'.
[Mon Sep 10 15:26:54.472578 2018] [mpm_winnt:error] [pid 2848:tid 660] (OS 10038)Der blev forsøgt en handling på noget, som ikke er en socket.  : AH00337: Child: Encountered too many AcceptEx faults accepting client connections. Possible causes: dynamic address renewal, or incompatible VPN or firewall software. 
[Mon Sep 10 15:26:54.474574 2018] [mpm_winnt:notice] [pid 2848:tid 660] (OS 10038)Der blev forsøgt en handling på noget, som ikke er en socket.  : AH00338: winnt_mpm: falling back to 'AcceptFilter none'.
[Mon Sep 10 15:26:55.527752 2018] [ssl:warn] [pid 4408:tid 632] AH01906: drupal-7-59.dd:443:0 server certificate is a CA certificate (BasicConstraints: CA == TRUE !?)
[Mon Sep 10 15:26:55.528749 2018] [ssl:warn] [pid 4408:tid 632] AH01909: drupal-7-59.dd:443:0 server certificate does NOT include an ID which matches the server name
[Mon Sep 10 15:26:55.622965 2018] [ssl:warn] [pid 4408:tid 632] AH01873: Init: Session Cache is not configured [hint: SSLSessionCache]
[Mon Sep 10 15:26:55.623981 2018] [ssl:warn] [pid 4408:tid 632] AH01906: drupal-7-59.dd:443:0 server certificate is a CA certificate (BasicConstraints: CA == TRUE !?)
[Mon Sep 10 15:26:55.623981 2018] [ssl:warn] [pid 4408:tid 632] AH01909: drupal-7-59.dd:443:0 server certificate does NOT include an ID which matches the server name
[Mon Sep 10 15:26:55.624998 2018] [mpm_winnt:notice] [pid 4408:tid 632] AH00455: Apache/2.4.33 (Win64) OpenSSL/1.1.0h mod_fcgid/2.3.9 configured -- resuming normal operations
[Mon Sep 10 15:26:55.624998 2018] [mpm_winnt:notice] [pid 4408:tid 632] AH00456: Apache Lounge VC15 Server built: Mar 28 2018 12:38:12
[Mon Sep 10 15:26:55.624998 2018] [core:notice] [pid 4408:tid 632] AH00094: Command line: 'D:\\Program Files (x86)\\DevDesktop\\apache\\bin\\httpd.exe -d D:/Program Files (x86)/DevDesktop/apache -D php5_5 -D php_fcgi -C SetEnv DEVDESKTOP_DRUPAL_SETTINGS_DIR 'C:\\Users\\kfsai\\.acquia\\DevDesktop\\DrupalSettings' -f D:\\Program Files (x86)\\DevDesktop\\apache\\conf\\httpd.conf'
[Mon Sep 10 15:26:55.631941 2018] [mpm_winnt:notice] [pid 4408:tid 632] AH00418: Parent: Created child process 11064
[Mon Sep 10 15:26:56.179808 2018] [ssl:warn] [pid 11064:tid 544] AH01906: drupal-7-59.dd:443:0 server certificate is a CA certificate (BasicConstraints: CA == TRUE !?)
[Mon Sep 10 15:26:56.180797 2018] [ssl:warn] [pid 11064:tid 544] AH01909: drupal-7-59.dd:443:0 server certificate does NOT include an ID which matches the server name
[Mon Sep 10 15:26:56.243047 2018] [ssl:warn] [pid 11064:tid 544] AH01873: Init: Session Cache is not configured [hint: SSLSessionCache]
[Mon Sep 10 15:26:56.244018 2018] [ssl:warn] [pid 11064:tid 544] AH01906: drupal-7-59.dd:443:0 server certificate is a CA certificate (BasicConstraints: CA == TRUE !?)
[Mon Sep 10 15:26:56.244018 2018] [ssl:warn] [pid 11064:tid 544] AH01909: drupal-7-59.dd:443:0 server certificate does NOT include an ID which matches the server name
[Mon Sep 10 15:26:56.251021 2018] [mpm_winnt:notice] [pid 11064:tid 544] AH00354: Child: Starting 64 worker threads.
[Mon Sep 10 15:37:20.665042 2018] [fcgid:warn] [pid 11064:tid 616] mod_fcgid: process 9556 graceful kill fail, sending SIGKILL
[Mon Sep 10 15:37:20.665042 2018] [fcgid:warn] [pid 11064:tid 616] mod_fcgid: process 7448 graceful kill fail, sending SIGKILL
[Mon Sep 10 15:37:20.665042 2018] [fcgid:warn] [pid 11064:tid 616] mod_fcgid: process 1012 graceful kill fail, sending SIGKILL
[Mon Sep 10 15:37:20.665042 2018] [fcgid:warn] [pid 11064:tid 616] mod_fcgid: process 1224 graceful kill fail, sending SIGKILL
[Mon Sep 10 15:46:09.431375 2018] [mpm_winnt:crit] [pid 11064:tid 544] AH02538: Child: Parent process exited abruptly. Child process is ending
[Mon Sep 10 15:46:09.431375 2018] [mpm_winnt:warn] [pid 11064:tid 512] (OS 995)I/O-handlingen er blevet afbrudt pga. en afsluttende tråd eller programanmodning.  : AH00341: winnt_accept: Asynchronous AcceptEx failed.
[Mon Sep 10 15:46:09.432372 2018] [mpm_winnt:error] [pid 11064:tid 512] (OS 10038)Der blev forsøgt en handling på noget, som ikke er en socket.  : AH00337: Child: Encountered too many AcceptEx faults accepting client connections. Possible causes: dynamic address renewal, or incompatible VPN or firewall software. 
[Mon Sep 10 15:46:09.432372 2018] [mpm_winnt:notice] [pid 11064:tid 512] (OS 10038)Der blev forsøgt en handling på noget, som ikke er en socket.  : AH00338: winnt_mpm: falling back to 'AcceptFilter none'.
[Mon Sep 24 12:43:34.655982 2018] [ssl:warn] [pid 16664:tid 544] AH01906: drupal-7-59.dd:443:0 server certificate is a CA certificate (BasicConstraints: CA == TRUE !?)
[Mon Sep 24 12:43:34.670942 2018] [ssl:warn] [pid 16664:tid 544] AH01909: drupal-7-59.dd:443:0 server certificate does NOT include an ID which matches the server name
[Mon Sep 24 12:43:34.778944 2018] [ssl:warn] [pid 16664:tid 544] AH01873: Init: Session Cache is not configured [hint: SSLSessionCache]
[Mon Sep 24 12:43:34.798009 2018] [ssl:warn] [pid 16664:tid 544] AH01906: drupal-7-59.dd:443:0 server certificate is a CA certificate (BasicConstraints: CA == TRUE !?)
[Mon Sep 24 12:43:34.798009 2018] [ssl:warn] [pid 16664:tid 544] AH01909: drupal-7-59.dd:443:0 server certificate does NOT include an ID which matches the server name
[Mon Sep 24 12:43:34.800017 2018] [mpm_winnt:notice] [pid 16664:tid 544] AH00455: Apache/2.4.33 (Win64) OpenSSL/1.1.0h mod_fcgid/2.3.9 configured -- resuming normal operations
[Mon Sep 24 12:43:34.800017 2018] [mpm_winnt:notice] [pid 16664:tid 544] AH00456: Apache Lounge VC15 Server built: Mar 28 2018 12:38:12
[Mon Sep 24 12:43:34.800017 2018] [core:notice] [pid 16664:tid 544] AH00094: Command line: 'D:\\Program Files (x86)\\DevDesktop\\apache\\bin\\httpd.exe -d D:/Program Files (x86)/DevDesktop/apache -D php5_5 -D php_fcgi -C SetEnv DEVDESKTOP_DRUPAL_SETTINGS_DIR 'C:\\Users\\kfsai\\.acquia\\DevDesktop\\DrupalSettings' -f D:\\Program Files (x86)\\DevDesktop\\apache\\conf\\httpd.conf'
[Mon Sep 24 12:43:34.802029 2018] [mpm_winnt:notice] [pid 16664:tid 544] AH00418: Parent: Created child process 8704
[Mon Sep 24 12:43:35.127909 2018] [ssl:warn] [pid 8704:tid 540] AH01906: drupal-7-59.dd:443:0 server certificate is a CA certificate (BasicConstraints: CA == TRUE !?)
[Mon Sep 24 12:43:35.129934 2018] [ssl:warn] [pid 8704:tid 540] AH01909: drupal-7-59.dd:443:0 server certificate does NOT include an ID which matches the server name
[Mon Sep 24 12:43:35.182125 2018] [ssl:warn] [pid 8704:tid 540] AH01873: Init: Session Cache is not configured [hint: SSLSessionCache]
[Mon Sep 24 12:43:35.182125 2018] [ssl:warn] [pid 8704:tid 540] AH01906: drupal-7-59.dd:443:0 server certificate is a CA certificate (BasicConstraints: CA == TRUE !?)
[Mon Sep 24 12:43:35.182125 2018] [ssl:warn] [pid 8704:tid 540] AH01909: drupal-7-59.dd:443:0 server certificate does NOT include an ID which matches the server name
[Mon Sep 24 12:43:35.194057 2018] [mpm_winnt:notice] [pid 8704:tid 540] AH00354: Child: Starting 64 worker threads.
[Mon Sep 24 12:45:17.763288 2018] [mpm_winnt:crit] [pid 8704:tid 540] AH02538: Child: Parent process exited abruptly. Child process is ending
[Mon Sep 24 12:45:17.763288 2018] [mpm_winnt:warn] [pid 8704:tid 516] (OS 995)I/O-handlingen er blevet afbrudt pga. en afsluttende tråd eller programanmodning.  : AH00341: winnt_accept: Asynchronous AcceptEx failed.
[Mon Sep 24 12:45:17.764286 2018] [mpm_winnt:warn] [pid 8704:tid 572] (OS 995)I/O-handlingen er blevet afbrudt pga. en afsluttende tråd eller programanmodning.  : AH00341: winnt_accept: Asynchronous AcceptEx failed.
[Mon Sep 24 12:45:17.764286 2018] [mpm_winnt:warn] [pid 8704:tid 576] (OS 995)I/O-handlingen er blevet afbrudt pga. en afsluttende tråd eller programanmodning.  : AH00341: winnt_accept: Asynchronous AcceptEx failed.
[Mon Sep 24 12:45:17.764286 2018] [mpm_winnt:error] [pid 8704:tid 516] (OS 10038)Der blev forsøgt en handling på noget, som ikke er en socket.  : AH00337: Child: Encountered too many AcceptEx faults accepting client connections. Possible causes: dynamic address renewal, or incompatible VPN or firewall software. 
[Mon Sep 24 12:45:17.764286 2018] [mpm_winnt:notice] [pid 8704:tid 516] (OS 10038)Der blev forsøgt en handling på noget, som ikke er en socket.  : AH00338: winnt_mpm: falling back to 'AcceptFilter none'.
[Mon Sep 24 12:45:17.764286 2018] [mpm_winnt:error] [pid 8704:tid 572] (OS 10038)Der blev forsøgt en handling på noget, som ikke er en socket.  : AH00337: Child: Encountered too many AcceptEx faults accepting client connections. Possible causes: dynamic address renewal, or incompatible VPN or firewall software. 
[Mon Sep 24 12:45:17.764286 2018] [mpm_winnt:notice] [pid 8704:tid 572] (OS 10038)Der blev forsøgt en handling på noget, som ikke er en socket.  : AH00338: winnt_mpm: falling back to 'AcceptFilter none'.
[Mon Sep 24 12:45:17.764286 2018] [mpm_winnt:error] [pid 8704:tid 576] (OS 10038)Der blev forsøgt en handling på noget, som ikke er en socket.  : AH00337: Child: Encountered too many AcceptEx faults accepting client connections. Possible causes: dynamic address renewal, or incompatible VPN or firewall software. 
[Mon Sep 24 12:45:17.764286 2018] [mpm_winnt:notice] [pid 8704:tid 576] (OS 10038)Der blev forsøgt en handling på noget, som ikke er en socket.  : AH00338: winnt_mpm: falling back to 'AcceptFilter none'.
[Mon Sep 24 12:45:18.561496 2018] [ssl:warn] [pid 13552:tid 588] AH01906: database.dd:443:0 server certificate is a CA certificate (BasicConstraints: CA == TRUE !?)
[Mon Sep 24 12:45:18.563452 2018] [ssl:warn] [pid 13552:tid 588] AH01909: database.dd:443:0 server certificate does NOT include an ID which matches the server name
[Mon Sep 24 12:45:18.564448 2018] [ssl:warn] [pid 13552:tid 588] AH01906: drupal-7-59.dd:443:0 server certificate is a CA certificate (BasicConstraints: CA == TRUE !?)
[Mon Sep 24 12:45:18.564448 2018] [ssl:warn] [pid 13552:tid 588] AH01909: drupal-7-59.dd:443:0 server certificate does NOT include an ID which matches the server name
[Mon Sep 24 12:45:18.634263 2018] [ssl:warn] [pid 13552:tid 588] AH01873: Init: Session Cache is not configured [hint: SSLSessionCache]
[Mon Sep 24 12:45:18.635260 2018] [ssl:warn] [pid 13552:tid 588] AH01906: database.dd:443:0 server certificate is a CA certificate (BasicConstraints: CA == TRUE !?)
[Mon Sep 24 12:45:18.635260 2018] [ssl:warn] [pid 13552:tid 588] AH01909: database.dd:443:0 server certificate does NOT include an ID which matches the server name
[Mon Sep 24 12:45:18.636257 2018] [ssl:warn] [pid 13552:tid 588] AH01906: drupal-7-59.dd:443:0 server certificate is a CA certificate (BasicConstraints: CA == TRUE !?)
[Mon Sep 24 12:45:18.636257 2018] [ssl:warn] [pid 13552:tid 588] AH01909: drupal-7-59.dd:443:0 server certificate does NOT include an ID which matches the server name
[Mon Sep 24 12:45:18.637255 2018] [mpm_winnt:notice] [pid 13552:tid 588] AH00455: Apache/2.4.33 (Win64) OpenSSL/1.1.0h mod_fcgid/2.3.9 configured -- resuming normal operations
[Mon Sep 24 12:45:18.637255 2018] [mpm_winnt:notice] [pid 13552:tid 588] AH00456: Apache Lounge VC15 Server built: Mar 28 2018 12:38:12
[Mon Sep 24 12:45:18.637255 2018] [core:notice] [pid 13552:tid 588] AH00094: Command line: 'D:\\Program Files (x86)\\DevDesktop\\apache\\bin\\httpd.exe -d D:/Program Files (x86)/DevDesktop/apache -D php5_5 -D php_fcgi -C SetEnv DEVDESKTOP_DRUPAL_SETTINGS_DIR 'C:\\Users\\kfsai\\.acquia\\DevDesktop\\DrupalSettings' -f D:\\Program Files (x86)\\DevDesktop\\apache\\conf\\httpd.conf'
[Mon Sep 24 12:45:18.640246 2018] [mpm_winnt:notice] [pid 13552:tid 588] AH00418: Parent: Created child process 12852
[Mon Sep 24 12:45:18.989020 2018] [ssl:warn] [pid 12852:tid 612] AH01906: database.dd:443:0 server certificate is a CA certificate (BasicConstraints: CA == TRUE !?)
[Mon Sep 24 12:45:18.991015 2018] [ssl:warn] [pid 12852:tid 612] AH01909: database.dd:443:0 server certificate does NOT include an ID which matches the server name
[Mon Sep 24 12:45:18.992013 2018] [ssl:warn] [pid 12852:tid 612] AH01906: drupal-7-59.dd:443:0 server certificate is a CA certificate (BasicConstraints: CA == TRUE !?)
[Mon Sep 24 12:45:18.992013 2018] [ssl:warn] [pid 12852:tid 612] AH01909: drupal-7-59.dd:443:0 server certificate does NOT include an ID which matches the server name
[Mon Sep 24 12:45:19.054085 2018] [ssl:warn] [pid 12852:tid 612] AH01873: Init: Session Cache is not configured [hint: SSLSessionCache]
[Mon Sep 24 12:45:19.055054 2018] [ssl:warn] [pid 12852:tid 612] AH01906: database.dd:443:0 server certificate is a CA certificate (BasicConstraints: CA == TRUE !?)
[Mon Sep 24 12:45:19.055054 2018] [ssl:warn] [pid 12852:tid 612] AH01909: database.dd:443:0 server certificate does NOT include an ID which matches the server name
[Mon Sep 24 12:45:19.055054 2018] [ssl:warn] [pid 12852:tid 612] AH01906: drupal-7-59.dd:443:0 server certificate is a CA certificate (BasicConstraints: CA == TRUE !?)
[Mon Sep 24 12:45:19.055054 2018] [ssl:warn] [pid 12852:tid 612] AH01909: drupal-7-59.dd:443:0 server certificate does NOT include an ID which matches the server name
[Mon Sep 24 12:45:19.067029 2018] [mpm_winnt:notice] [pid 12852:tid 612] AH00354: Child: Starting 64 worker threads.
[Mon Sep 24 12:51:40.315025 2018] [fcgid:warn] [pid 12852:tid 568] mod_fcgid: process 8140 graceful kill fail, sending SIGKILL
[Mon Sep 24 12:51:40.316023 2018] [fcgid:warn] [pid 12852:tid 568] mod_fcgid: process 15236 graceful kill fail, sending SIGKILL
[Mon Sep 24 12:51:40.316023 2018] [fcgid:warn] [pid 12852:tid 568] mod_fcgid: process 10524 graceful kill fail, sending SIGKILL
[Mon Sep 24 12:51:40.316023 2018] [fcgid:warn] [pid 12852:tid 568] mod_fcgid: process 11064 graceful kill fail, sending SIGKILL
